<?xml version="1.0" encoding="utf-8"?><testsuites><testsuite name="pytest" errors="0" failures="0" skipped="0" tests="60" time="33.632" timestamp="2026-04-14T00:44:17.654552-05:00" hostname="DESKTOP-BNA5U8M"><testcase classname="tests.test_alembic_drift" name="test_alembic_no_schema_drift" time="1.143" /><testcase classname="tests.test_apply_migration_runner" name="test_is_truthy_variants" time="0.001" /><testcase classname="tests.test_apply_migration_runner" name="test_main_blocks_production_without_allow" time="0.001" /><testcase classname="tests.test_apply_migration_runner" name="test_main_runs_seed_when_flag_enabled" time="0.001" /><testcase classname="tests.test_apply_migration_runner" name="test_migration_version_metadata_helpers_roundtrip" time="0.003" /><testcase classname="tests.test_auth_api" name="test_login_admin_retorna_jwt_y_rol" time="0.964" /><testcase classname="tests.test_auth_api" name="test_login_credenciales_invalidas_retorna_401" time="0.973" /><testcase classname="tests.test_auth_api" name="test_semillas_crean_admin_y_vendedor" time="0.947" /><testcase classname="tests.test_auth_api" name="test_rbac_exige_token_en_cartera" time="0.022" /><testcase classname="tests.test_auth_api" name="test_rbac_vendedor_no_puede_ver_cartera" time="0.966" /><testcase classname="tests.test_auth_api" name="test_cartera_admin_solo_lista_clientes_fiados" time="0.949" /><testcase classname="tests.test_auth_api" name="test_fidelizacion_canjea_bono_y_descuenta_puntos" time="1.028" /><testcase classname="tests.test_auth_api" name="test_vendedor_puede_listar_clientes_fidelizacion" time="0.944" /><testcase classname="tests.test_auth_api" name="test_vendedor_puede_listar_productos" time="0.994" /><testcase classname="tests.test_auth_api" name="test_vendedor_no_puede_registrar_fiado_cartera" time="1.056" /><testcase classname="tests.test_auth_api" name="test_vendedor_puede_registrar_fiado_tienda" time="0.991" /><testcase classname="tests.test_auth_api" name="test_pedido_proveedor_flujo_directo_sin_aprobacion" time="1.022" /><testcase classname="tests.test_auth_api" name="test_vendedor_puede_registrar_y_listar_gastos" time="1.044" /><testcase classname="tests.test_auth_api" name="test_dashboard_resumen_disponible_para_vendedor" time="0.989" /><testcase classname="tests.test_cartera_contract" name="test_abono_registra_metodo_pago_y_estado_contractual" time="1.039" /><testcase classname="tests.test_cartera_contract" name="test_historial_cartera_devuelve_metodo_pago_y_detalle_de_articulos" time="1.057" /><testcase classname="tests.test_cartera_contract" name="test_metodo_pago_invalido_en_abono_rechaza_payload" time="0.978" /><testcase classname="tests.test_cliente" name="test_limite_credito_excedido_lanza_error" time="0.001" /><testcase classname="tests.test_cliente" name="test_abono_exitoso_recalcula_deuda_total" time="0.001" /><testcase classname="tests.test_cliente" name="test_abono_mayor_a_deuda_lanza_error" time="0.001" /><testcase classname="tests.test_enums" name="test_rol_usuario_tiene_valores_esperados[RolUsuario.ADMIN-ADMIN]" time="0.001" /><testcase classname="tests.test_enums" name="test_rol_usuario_tiene_valores_esperados[RolUsuario.TRABAJADOR-TRABAJADOR]" time="0.000" /><testcase classname="tests.test_enums" name="test_categoria_gasto_tiene_valores_esperados" time="0.001" /><testcase classname="tests.test_enums" name="test_tipo_movimiento_tiene_valores_esperados[TipoMovimiento.CARGO-CARGO]" time="0.001" /><testcase classname="tests.test_enums" name="test_tipo_movimiento_tiene_valores_esperados[TipoMovimiento.ABONO-ABONO]" time="0.000" /><testcase classname="tests.test_inventario_contract" name="test_crear_producto_y_filtrar_por_catalogo" time="0.952" /><testcase classname="tests.test_inventario_contract" name="test_codigo_barras_duplicado_retorna_409" time="0.938" /><testcase classname="tests.test_inventario_contract" name="test_patch_stock_aplica_delta_y_valida_casos_invalidos" time="0.958" /><testcase classname="tests.test_inventario_contract" name="test_vendedor_no_puede_editar_producto_admin_patch" time="1.167" /><testcase classname="tests.test_inventario_contract" name="test_no_se_puede_eliminar_producto_con_historial_ventas" time="1.182" /><testcase classname="tests.test_operaciones_contract" name="test_admin_puede_crear_factura_compra_y_totales_iva" time="0.947" /><testcase classname="tests.test_operaciones_contract" name="test_vendedor_no_puede_crear_facturas_compra" time="1.169" /><testcase classname="tests.test_operaciones_contract" name="test_no_se_puede_eliminar_proveedor_con_pedidos" time="1.176" /><testcase classname="tests.test_operaciones_contract" name="test_vendedor_puede_crear_pedido_y_admin_actualizarlo" time="1.179" /><testcase classname="tests.test_operaciones_contract" name="test_listado_facturas_compra_es_solo_admin" time="0.943" /><testcase classname="tests.test_producto" name="test_reducir_stock_tras_venta" time="0.001" /><testcase classname="tests.test_producto" name="test_reducir_stock_sin_existencias_suficientes_lanza_error" time="0.000" /><testcase classname="tests.test_router_split_contract" name="test_dashboard_resumen_incluye_totales_por_metodo" time="0.945" /><testcase classname="tests.test_router_split_contract" name="test_clientes_tienda_fiado_crud_basico" time="0.947" /><testcase classname="tests.test_router_split_contract" name="test_delete_cliente_tienda_fiado_con_historial_retorna_409" time="0.944" /><testcase classname="tests.test_router_split_contract" name="test_fidelizacion_admin_crud_y_vendedor_sin_alta" time="1.183" /><testcase classname="tests.test_router_split_contract" name="test_superadmin_puede_consumir_endpoints_admin" time="0.935" /><testcase classname="tests.test_transaccion" name="test_venta_sin_items_tiene_total_cero" time="0.000" /><testcase classname="tests.test_transaccion" name="test_venta_agregar_items_calcula_total_correcto" time="0.000" /><testcase classname="tests.test_transaccion" name="test_gasto_retorna_monto_configurado" time="0.000" /><testcase classname="tests.test_transaccion" name="test_gasto_en_cero_se_permite_como_caso_borde" time="0.000" /><testcase classname="tests.test_usuario" name="test_crear_usuario_valido" time="0.001" /><testcase classname="tests.test_usuario" name="test_username_invalido_lanza_error[ab-al menos 3]" time="0.001" /><testcase classname="tests.test_usuario" name="test_username_invalido_lanza_error[cajero_1-letras y n\xfameros]" time="0.001" /><testcase classname="tests.test_usuario" name="test_username_invalido_lanza_error[juan p-letras y n\xfameros]" time="0.001" /><testcase classname="tests.test_usuario" name="test_username_invalido_lanza_error[@admin-letras y n\xfameros]" time="0.001" /><testcase classname="tests.test_usuario" name="test_email_invalido_lanza_error[sin-arroba.com]" time="0.001" /><testcase classname="tests.test_usuario" name="test_email_invalido_lanza_error[correo@sinpunto]" time="0.000" /><testcase classname="tests.test_usuario" name="test_email_invalido_lanza_error[]" time="0.000" /><testcase classname="tests.test_usuario" name="test_activar_y_desactivar_usuario" time="0.000" /></testsuite></testsuites>